[0.050s] DEBUG:colcon:Command line arguments: ['/usr/bin/colcon', 'build']
[0.050s] DEBUG:colcon:Parsed command line arguments: Namespace(log_base=None, log_level=None, verb_name='build', build_base='build', install_base='install', merge_install=False, symlink_install=False, test_result_base=None, continue_on_error=False, executor='parallel', parallel_workers=32, event_handlers=None, ignore_user_meta=False, metas=['./colcon.meta'], base_paths=['.'], packages_ignore=None, packages_ignore_regex=None, paths=None, packages_up_to=None, packages_up_to_regex=None, packages_above=None, packages_above_and_dependencies=None, packages_above_depth=None, packages_select_by_dep=None, packages_skip_by_dep=None, packages_skip_up_to=None, packages_select_build_failed=False, packages_skip_build_finished=False, packages_select_test_failures=False, packages_skip_test_passed=False, packages_select=None, packages_skip=None, packages_select_regex=None, packages_skip_regex=None, packages_start=None, packages_end=None, allow_overriding=[], cmake_args=None, cmake_target=None, cmake_target_skip_unavailable=False, cmake_clean_cache=False, cmake_clean_first=False, cmake_force_configure=False, ament_cmake_args=None, catkin_cmake_args=None, catkin_skip_building_tests=False, mixin_files=None, mixin=None, verb_parser=<colcon_mixin.mixin.mixin_argument.MixinArgumentDecorator object at 0x7f30ca13de40>, verb_extension=<colcon_core.verb.build.BuildVerb object at 0x7f30ca13d990>, main=<bound method BuildVerb.main of <colcon_core.verb.build.BuildVerb object at 0x7f30ca13d990>>, mixin_verb=('build',))
[0.186s] Level 1:colcon.colcon_core.package_discovery:discover_packages(colcon_meta) check parameters
[0.186s] Level 1:colcon.colcon_core.package_discovery:discover_packages(recursive) check parameters
[0.186s] Level 1:colcon.colcon_core.package_discovery:discover_packages(ignore) check parameters
[0.186s] Level 1:colcon.colcon_core.package_discovery:discover_packages(path) check parameters
[0.186s] Level 1:colcon.colcon_core.package_discovery:discover_packages(colcon_meta) discover
[0.186s] Level 1:colcon.colcon_core.package_discovery:discover_packages(recursive) discover
[0.186s] INFO:colcon.colcon_core.package_discovery:Crawling recursively for packages in '/home/benforbes/msg_gripper_ros2'
[0.186s] Level 1:colcon.colcon_core.package_identification:_identify(.) by extensions ['ignore', 'ignore_ament_install']
[0.186s] Level 1:colcon.colcon_core.package_identification:_identify(.) by extension 'ignore'
[0.186s] Level 1:colcon.colcon_core.package_identification:_identify(.) by extension 'ignore_ament_install'
[0.186s] Level 1:colcon.colcon_core.package_identification:_identify(.) by extensions ['colcon_pkg']
[0.186s] Level 1:colcon.colcon_core.package_identification:_identify(.) by extension 'colcon_pkg'
[0.186s] Level 1:colcon.colcon_core.package_identification:_identify(.) by extensions ['colcon_meta']
[0.186s] Level 1:colcon.colcon_core.package_identification:_identify(.) by extension 'colcon_meta'
[0.186s] Level 1:colcon.colcon_core.package_identification:_identify(.) by extensions ['ros']
[0.186s] Level 1:colcon.colcon_core.package_identification:_identify(.) by extension 'ros'
[0.197s] DEBUG:colcon.colcon_core.package_identification:Package '.' with type 'ros.ament_cmake' and name 'msg_gripper_ros2'
[0.198s] Level 1:colcon.colcon_core.package_discovery:discover_packages(recursive) using defaults
[0.198s] Level 1:colcon.colcon_core.package_discovery:discover_packages(ignore) discover
[0.198s] Level 1:colcon.colcon_core.package_discovery:discover_packages(ignore) using defaults
[0.198s] Level 1:colcon.colcon_core.package_discovery:discover_packages(path) discover
[0.198s] Level 1:colcon.colcon_core.package_discovery:discover_packages(path) using defaults
[0.206s] Level 1:colcon.colcon_core.package_discovery:discover_packages(prefix_path) check parameters
[0.206s] Level 1:colcon.colcon_core.package_discovery:discover_packages(prefix_path) discover
[0.207s] DEBUG:colcon.colcon_installed_package_information.package_discovery:Found 1 installed packages in /home/benforbes/ros2_ws/install
[0.208s] DEBUG:colcon.colcon_installed_package_information.package_discovery:Found 356 installed packages in /opt/ros/humble
[0.208s] Level 1:colcon.colcon_core.package_discovery:discover_packages(prefix_path) using defaults
[0.226s] Level 5:colcon.colcon_core.verb:set package 'msg_gripper_ros2' build argument 'cmake_args' from command line to 'None'
[0.227s] Level 5:colcon.colcon_core.verb:set package 'msg_gripper_ros2' build argument 'cmake_target' from command line to 'None'
[0.227s] Level 5:colcon.colcon_core.verb:set package 'msg_gripper_ros2' build argument 'cmake_target_skip_unavailable' from command line to 'False'
[0.227s] Level 5:colcon.colcon_core.verb:set package 'msg_gripper_ros2' build argument 'cmake_clean_cache' from command line to 'False'
[0.227s] Level 5:colcon.colcon_core.verb:set package 'msg_gripper_ros2' build argument 'cmake_clean_first' from command line to 'False'
[0.227s] Level 5:colcon.colcon_core.verb:set package 'msg_gripper_ros2' build argument 'cmake_force_configure' from command line to 'False'
[0.227s] Level 5:colcon.colcon_core.verb:set package 'msg_gripper_ros2' build argument 'ament_cmake_args' from command line to 'None'
[0.227s] Level 5:colcon.colcon_core.verb:set package 'msg_gripper_ros2' build argument 'catkin_cmake_args' from command line to 'None'
[0.227s] Level 5:colcon.colcon_core.verb:set package 'msg_gripper_ros2' build argument 'catkin_skip_building_tests' from command line to 'False'
[0.227s] DEBUG:colcon.colcon_core.verb:Building package 'msg_gripper_ros2' with the following arguments: {'ament_cmake_args': None, 'build_base': '/home/benforbes/msg_gripper_ros2/build/msg_gripper_ros2', 'catkin_cmake_args': None, 'catkin_skip_building_tests': False, 'cmake_args': None, 'cmake_clean_cache': False, 'cmake_clean_first': False, 'cmake_force_configure': False, 'cmake_target': None, 'cmake_target_skip_unavailable': False, 'install_base': '/home/benforbes/msg_gripper_ros2/install/msg_gripper_ros2', 'merge_install': False, 'path': '/home/benforbes/msg_gripper_ros2', 'symlink_install': False, 'test_result_base': None}
[0.227s] INFO:colcon.colcon_core.executor:Executing jobs using 'parallel' executor
[0.227s] DEBUG:colcon.colcon_parallel_executor.executor.parallel:run_until_complete
[0.227s] INFO:colcon.colcon_ros.task.ament_cmake.build:Building ROS package in '/home/benforbes/msg_gripper_ros2' with build type 'ament_cmake'
[0.227s] INFO:colcon.colcon_cmake.task.cmake.build:Building CMake package in '/home/benforbes/msg_gripper_ros2'
[0.228s] INFO:colcon.colcon_core.plugin_system:Skipping extension 'colcon_core.shell.bat': Not used on non-Windows systems
[0.228s] INFO:colcon.colcon_core.shell:Skip shell extension 'powershell' for command environment: Not usable outside of PowerShell
[0.228s] DEBUG:colcon.colcon_core.shell:Skip shell extension 'dsv' for command environment
[0.231s] DEBUG:colcon.colcon_core.event_handler.log_command:Invoking command in '/home/benforbes/msg_gripper_ros2/build/msg_gripper_ros2': CMAKE_PREFIX_PATH=/opt/ros/humble /usr/bin/cmake /home/benforbes/msg_gripper_ros2 -DCMAKE_INSTALL_PREFIX=/home/benforbes/msg_gripper_ros2/install/msg_gripper_ros2
[0.945s] DEBUG:colcon.colcon_core.event_handler.log_command:Invoked command in '/home/benforbes/msg_gripper_ros2/build/msg_gripper_ros2' returned '0': CMAKE_PREFIX_PATH=/opt/ros/humble /usr/bin/cmake /home/benforbes/msg_gripper_ros2 -DCMAKE_INSTALL_PREFIX=/home/benforbes/msg_gripper_ros2/install/msg_gripper_ros2
[0.946s] DEBUG:colcon.colcon_core.event_handler.log_command:Invoking command in '/home/benforbes/msg_gripper_ros2/build/msg_gripper_ros2': CMAKE_PREFIX_PATH=/opt/ros/humble /usr/bin/cmake --build /home/benforbes/msg_gripper_ros2/build/msg_gripper_ros2 -- -j32 -l32
[1.209s] DEBUG:colcon.colcon_core.event_handler.log_command:Invoked command in '/home/benforbes/msg_gripper_ros2/build/msg_gripper_ros2' returned '0': CMAKE_PREFIX_PATH=/opt/ros/humble /usr/bin/cmake --build /home/benforbes/msg_gripper_ros2/build/msg_gripper_ros2 -- -j32 -l32
[1.213s] DEBUG:colcon.colcon_core.event_handler.log_command:Invoking command in '/home/benforbes/msg_gripper_ros2/build/msg_gripper_ros2': CMAKE_PREFIX_PATH=/opt/ros/humble /usr/bin/cmake --install /home/benforbes/msg_gripper_ros2/build/msg_gripper_ros2
[1.235s] Level 1:colcon.colcon_core.environment:create_environment_scripts_only(msg_gripper_ros2)
[1.236s] DEBUG:colcon.colcon_core.event_handler.log_command:Invoked command in '/home/benforbes/msg_gripper_ros2/build/msg_gripper_ros2' returned '0': CMAKE_PREFIX_PATH=/opt/ros/humble /usr/bin/cmake --install /home/benforbes/msg_gripper_ros2/build/msg_gripper_ros2
[1.237s] Level 1:colcon.colcon_core.environment:checking '/home/benforbes/msg_gripper_ros2/install/msg_gripper_ros2' for CMake module files
[1.237s] Level 1:colcon.colcon_core.environment:checking '/home/benforbes/msg_gripper_ros2/install/msg_gripper_ros2' for CMake config files
[1.237s] Level 1:colcon.colcon_core.shell:create_environment_hook('msg_gripper_ros2', 'cmake_prefix_path')
[1.237s] INFO:colcon.colcon_core.shell:Creating environment hook '/home/benforbes/msg_gripper_ros2/install/msg_gripper_ros2/share/msg_gripper_ros2/hook/cmake_prefix_path.ps1'
[1.237s] INFO:colcon.colcon_core.shell:Creating environment descriptor '/home/benforbes/msg_gripper_ros2/install/msg_gripper_ros2/share/msg_gripper_ros2/hook/cmake_prefix_path.dsv'
[1.237s] INFO:colcon.colcon_core.shell:Creating environment hook '/home/benforbes/msg_gripper_ros2/install/msg_gripper_ros2/share/msg_gripper_ros2/hook/cmake_prefix_path.sh'
[1.238s] Level 1:colcon.colcon_core.environment:checking '/home/benforbes/msg_gripper_ros2/install/msg_gripper_ros2/lib'
[1.238s] Level 1:colcon.colcon_core.environment:checking '/home/benforbes/msg_gripper_ros2/install/msg_gripper_ros2/bin'
[1.238s] Level 1:colcon.colcon_core.environment:checking '/home/benforbes/msg_gripper_ros2/install/msg_gripper_ros2/lib/pkgconfig/msg_gripper_ros2.pc'
[1.238s] Level 1:colcon.colcon_core.environment:checking '/home/benforbes/msg_gripper_ros2/install/msg_gripper_ros2/lib/python3.10/site-packages'
[1.238s] Level 1:colcon.colcon_core.environment:checking '/home/benforbes/msg_gripper_ros2/install/msg_gripper_ros2/bin'
[1.238s] INFO:colcon.colcon_core.shell:Creating package script '/home/benforbes/msg_gripper_ros2/install/msg_gripper_ros2/share/msg_gripper_ros2/package.ps1'
[1.238s] INFO:colcon.colcon_core.shell:Creating package descriptor '/home/benforbes/msg_gripper_ros2/install/msg_gripper_ros2/share/msg_gripper_ros2/package.dsv'
[1.239s] INFO:colcon.colcon_core.shell:Creating package script '/home/benforbes/msg_gripper_ros2/install/msg_gripper_ros2/share/msg_gripper_ros2/package.sh'
[1.239s] INFO:colcon.colcon_core.shell:Creating package script '/home/benforbes/msg_gripper_ros2/install/msg_gripper_ros2/share/msg_gripper_ros2/package.bash'
[1.239s] INFO:colcon.colcon_core.shell:Creating package script '/home/benforbes/msg_gripper_ros2/install/msg_gripper_ros2/share/msg_gripper_ros2/package.zsh'
[1.239s] Level 1:colcon.colcon_core.environment:create_file_with_runtime_dependencies(/home/benforbes/msg_gripper_ros2/install/msg_gripper_ros2/share/colcon-core/packages/msg_gripper_ros2)
[1.240s] Level 1:colcon.colcon_core.environment:create_environment_scripts_only(msg_gripper_ros2)
[1.240s] Level 1:colcon.colcon_core.environment:checking '/home/benforbes/msg_gripper_ros2/install/msg_gripper_ros2' for CMake module files
[1.240s] Level 1:colcon.colcon_core.environment:checking '/home/benforbes/msg_gripper_ros2/install/msg_gripper_ros2' for CMake config files
[1.240s] Level 1:colcon.colcon_core.shell:create_environment_hook('msg_gripper_ros2', 'cmake_prefix_path')
[1.240s] INFO:colcon.colcon_core.shell:Creating environment hook '/home/benforbes/msg_gripper_ros2/install/msg_gripper_ros2/share/msg_gripper_ros2/hook/cmake_prefix_path.ps1'
[1.240s] INFO:colcon.colcon_core.shell:Creating environment descriptor '/home/benforbes/msg_gripper_ros2/install/msg_gripper_ros2/share/msg_gripper_ros2/hook/cmake_prefix_path.dsv'
[1.240s] INFO:colcon.colcon_core.shell:Creating environment hook '/home/benforbes/msg_gripper_ros2/install/msg_gripper_ros2/share/msg_gripper_ros2/hook/cmake_prefix_path.sh'
[1.241s] Level 1:colcon.colcon_core.environment:checking '/home/benforbes/msg_gripper_ros2/install/msg_gripper_ros2/lib'
[1.241s] Level 1:colcon.colcon_core.environment:checking '/home/benforbes/msg_gripper_ros2/install/msg_gripper_ros2/bin'
[1.241s] Level 1:colcon.colcon_core.environment:checking '/home/benforbes/msg_gripper_ros2/install/msg_gripper_ros2/lib/pkgconfig/msg_gripper_ros2.pc'
[1.241s] Level 1:colcon.colcon_core.environment:checking '/home/benforbes/msg_gripper_ros2/install/msg_gripper_ros2/lib/python3.10/site-packages'
[1.241s] Level 1:colcon.colcon_core.environment:checking '/home/benforbes/msg_gripper_ros2/install/msg_gripper_ros2/bin'
[1.241s] INFO:colcon.colcon_core.shell:Creating package script '/home/benforbes/msg_gripper_ros2/install/msg_gripper_ros2/share/msg_gripper_ros2/package.ps1'
[1.241s] INFO:colcon.colcon_core.shell:Creating package descriptor '/home/benforbes/msg_gripper_ros2/install/msg_gripper_ros2/share/msg_gripper_ros2/package.dsv'
[1.241s] INFO:colcon.colcon_core.shell:Creating package script '/home/benforbes/msg_gripper_ros2/install/msg_gripper_ros2/share/msg_gripper_ros2/package.sh'
[1.242s] INFO:colcon.colcon_core.shell:Creating package script '/home/benforbes/msg_gripper_ros2/install/msg_gripper_ros2/share/msg_gripper_ros2/package.bash'
[1.242s] INFO:colcon.colcon_core.shell:Creating package script '/home/benforbes/msg_gripper_ros2/install/msg_gripper_ros2/share/msg_gripper_ros2/package.zsh'
[1.242s] Level 1:colcon.colcon_core.environment:create_file_with_runtime_dependencies(/home/benforbes/msg_gripper_ros2/install/msg_gripper_ros2/share/colcon-core/packages/msg_gripper_ros2)
[1.242s] DEBUG:colcon.colcon_parallel_executor.executor.parallel:closing loop
[1.242s] DEBUG:colcon.colcon_parallel_executor.executor.parallel:loop closed
[1.242s] DEBUG:colcon.colcon_parallel_executor.executor.parallel:run_until_complete finished with '0'
[1.242s] DEBUG:colcon.colcon_core.event_reactor:joining thread
[1.244s] INFO:colcon.colcon_core.plugin_system:Skipping extension 'colcon_notification.desktop_notification.terminal_notifier': Not used on non-Darwin systems
[1.244s] INFO:colcon.colcon_core.plugin_system:Skipping extension 'colcon_notification.desktop_notification.win32': Not used on non-Windows systems
[1.244s] INFO:colcon.colcon_notification.desktop_notification:Sending desktop notification using 'notify2'
[1.250s] DEBUG:colcon.colcon_core.event_reactor:joined thread
[1.250s] INFO:colcon.colcon_core.shell:Creating prefix script '/home/benforbes/msg_gripper_ros2/install/local_setup.ps1'
[1.251s] INFO:colcon.colcon_core.shell:Creating prefix util module '/home/benforbes/msg_gripper_ros2/install/_local_setup_util_ps1.py'
[1.251s] INFO:colcon.colcon_core.shell:Creating prefix chain script '/home/benforbes/msg_gripper_ros2/install/setup.ps1'
[1.252s] INFO:colcon.colcon_core.shell:Creating prefix script '/home/benforbes/msg_gripper_ros2/install/local_setup.sh'
[1.252s] INFO:colcon.colcon_core.shell:Creating prefix util module '/home/benforbes/msg_gripper_ros2/install/_local_setup_util_sh.py'
[1.252s] INFO:colcon.colcon_core.shell:Creating prefix chain script '/home/benforbes/msg_gripper_ros2/install/setup.sh'
[1.253s] INFO:colcon.colcon_core.shell:Creating prefix script '/home/benforbes/msg_gripper_ros2/install/local_setup.bash'
[1.253s] INFO:colcon.colcon_core.shell:Creating prefix chain script '/home/benforbes/msg_gripper_ros2/install/setup.bash'
[1.253s] INFO:colcon.colcon_core.shell:Creating prefix script '/home/benforbes/msg_gripper_ros2/install/local_setup.zsh'
[1.253s] INFO:colcon.colcon_core.shell:Creating prefix chain script '/home/benforbes/msg_gripper_ros2/install/setup.zsh'
