-- The C compiler identification is GNU 11.4.0
-- The CXX compiler identification is GNU 11.4.0
-- Detecting C compiler ABI info
-- Detecting C compiler ABI info - done
-- Check for working C compiler: /usr/bin/cc - skipped
-- Detecting C compile features
-- Detecting C compile features - done
-- Detecting CXX compiler ABI info
-- Detecting CXX compiler ABI info - done
-- Check for working CXX compiler: /usr/bin/c++ - skipped
-- Detecting CXX compile features
-- Detecting CXX compile features - done
-- Found ament_cmake: 1.3.12 (/opt/ros/humble/share/ament_cmake/cmake)
-- Found Python3: /usr/bin/python3 (found version "3.10.12") found components: Interpreter 
-- Found rclpy: 3.3.17 (/opt/ros/humble/share/rclpy/cmake)
-- Found sensor_msgs: 4.9.0 (/opt/ros/humble/share/sensor_msgs/cmake)
-- Found rosidl_generator_c: 3.1.7 (/opt/ros/humble/share/rosidl_generator_c/cmake)
-- Found rosidl_adapter: 3.1.7 (/opt/ros/humble/share/rosidl_adapter/cmake)
-- Found rosidl_generator_cpp: 3.1.7 (/opt/ros/humble/share/rosidl_generator_cpp/cmake)
-- Using all available rosidl_typesupport_c: rosidl_typesupport_fastrtps_c;rosidl_typesupport_introspection_c
-- Using all available rosidl_typesupport_cpp: rosidl_typesupport_fastrtps_cpp;rosidl_typesupport_introspection_cpp
-- Found control_msgs: 4.8.0 (/opt/ros/humble/share/control_msgs/cmake)
-- Found ament_lint_auto: 0.12.14 (/opt/ros/humble/share/ament_lint_auto/cmake)
-- Added test 'copyright' to check source files copyright and LICENSE
-- Added test 'cppcheck' to perform static code analysis on C / C++ code
-- Configured cppcheck include dirs: 
-- Configured cppcheck exclude dirs and/or files: 
-- Added test 'cpplint' to check C / C++ code against the Google style
-- Configured cpplint exclude dirs and/or files: 
-- Added test 'flake8' to check Python code syntax and style conventions
-- Added test 'lint_cmake' to check CMake code style
-- Added test 'pep257' to check Python code against some of the docstring style conventions in PEP 257
-- Added test 'uncrustify' to check C / C++ code style
-- Configured uncrustify additional arguments: 
-- Added test 'xmllint' to check XML markup files
-- Configuring done
-- Generating done
-- Build files have been written to: /home/benforbes/msg_gripper_ros2/build/msg_gripper_ros2
Built target ament_cmake_python_copy_msg_gripper_ros2
running egg_info
creating msg_gripper_ros2.egg-info
writing msg_gripper_ros2.egg-info/PKG-INFO
writing dependency_links to msg_gripper_ros2.egg-info/dependency_links.txt
writing top-level names to msg_gripper_ros2.egg-info/top_level.txt
writing manifest file 'msg_gripper_ros2.egg-info/SOURCES.txt'
reading manifest file 'msg_gripper_ros2.egg-info/SOURCES.txt'
writing manifest file 'msg_gripper_ros2.egg-info/SOURCES.txt'
Built target ament_cmake_python_build_msg_gripper_ros2_egg
-- Install configuration: ""
-- Installing: /home/benforbes/msg_gripper_ros2/install/msg_gripper_ros2/share/msg_gripper_ros2/environment/pythonpath.sh
-- Installing: /home/benforbes/msg_gripper_ros2/install/msg_gripper_ros2/share/msg_gripper_ros2/environment/pythonpath.dsv
-- Installing: /home/benforbes/msg_gripper_ros2/install/msg_gripper_ros2/local/lib/python3.10/dist-packages/msg_gripper_ros2-1.0.0-py3.10.egg-info
-- Installing: /home/benforbes/msg_gripper_ros2/install/msg_gripper_ros2/local/lib/python3.10/dist-packages/msg_gripper_ros2-1.0.0-py3.10.egg-info/top_level.txt
-- Installing: /home/benforbes/msg_gripper_ros2/install/msg_gripper_ros2/local/lib/python3.10/dist-packages/msg_gripper_ros2-1.0.0-py3.10.egg-info/SOURCES.txt
-- Installing: /home/benforbes/msg_gripper_ros2/install/msg_gripper_ros2/local/lib/python3.10/dist-packages/msg_gripper_ros2-1.0.0-py3.10.egg-info/PKG-INFO
-- Installing: /home/benforbes/msg_gripper_ros2/install/msg_gripper_ros2/local/lib/python3.10/dist-packages/msg_gripper_ros2-1.0.0-py3.10.egg-info/dependency_links.txt
-- Installing: /home/benforbes/msg_gripper_ros2/install/msg_gripper_ros2/local/lib/python3.10/dist-packages/msg_gripper_ros2
-- Installing: /home/benforbes/msg_gripper_ros2/install/msg_gripper_ros2/local/lib/python3.10/dist-packages/msg_gripper_ros2/msg_gripper_node.py
-- Installing: /home/benforbes/msg_gripper_ros2/install/msg_gripper_ros2/local/lib/python3.10/dist-packages/msg_gripper_ros2/__init__.py
Listing '/home/benforbes/msg_gripper_ros2/install/msg_gripper_ros2/local/lib/python3.10/dist-packages/msg_gripper_ros2'...
Compiling '/home/benforbes/msg_gripper_ros2/install/msg_gripper_ros2/local/lib/python3.10/dist-packages/msg_gripper_ros2/__init__.py'...
Compiling '/home/benforbes/msg_gripper_ros2/install/msg_gripper_ros2/local/lib/python3.10/dist-packages/msg_gripper_ros2/msg_gripper_node.py'...
-- Installing: /home/benforbes/msg_gripper_ros2/install/msg_gripper_ros2/lib/msg_gripper_ros2/msg_gripper_node
-- Installing: /home/benforbes/msg_gripper_ros2/install/msg_gripper_ros2/share/msg_gripper_ros2/launch
-- Installing: /home/benforbes/msg_gripper_ros2/install/msg_gripper_ros2/share/msg_gripper_ros2/launch/msg_gripper_launch.py
-- Installing: /home/benforbes/msg_gripper_ros2/install/msg_gripper_ros2/share/msg_gripper_ros2/config
-- Installing: /home/benforbes/msg_gripper_ros2/install/msg_gripper_ros2/share/msg_gripper_ros2/config/default.yaml
-- Installing: /home/benforbes/msg_gripper_ros2/install/msg_gripper_ros2/share/ament_index/resource_index/package_run_dependencies/msg_gripper_ros2
-- Installing: /home/benforbes/msg_gripper_ros2/install/msg_gripper_ros2/share/ament_index/resource_index/parent_prefix_path/msg_gripper_ros2
-- Installing: /home/benforbes/msg_gripper_ros2/install/msg_gripper_ros2/share/msg_gripper_ros2/environment/ament_prefix_path.sh
-- Installing: /home/benforbes/msg_gripper_ros2/install/msg_gripper_ros2/share/msg_gripper_ros2/environment/ament_prefix_path.dsv
-- Installing: /home/benforbes/msg_gripper_ros2/install/msg_gripper_ros2/share/msg_gripper_ros2/environment/path.sh
-- Installing: /home/benforbes/msg_gripper_ros2/install/msg_gripper_ros2/share/msg_gripper_ros2/environment/path.dsv
-- Installing: /home/benforbes/msg_gripper_ros2/install/msg_gripper_ros2/share/msg_gripper_ros2/local_setup.bash
-- Installing: /home/benforbes/msg_gripper_ros2/install/msg_gripper_ros2/share/msg_gripper_ros2/local_setup.sh
-- Installing: /home/benforbes/msg_gripper_ros2/install/msg_gripper_ros2/share/msg_gripper_ros2/local_setup.zsh
-- Installing: /home/benforbes/msg_gripper_ros2/install/msg_gripper_ros2/share/msg_gripper_ros2/local_setup.dsv
-- Installing: /home/benforbes/msg_gripper_ros2/install/msg_gripper_ros2/share/msg_gripper_ros2/package.dsv
-- Installing: /home/benforbes/msg_gripper_ros2/install/msg_gripper_ros2/share/ament_index/resource_index/packages/msg_gripper_ros2
-- Installing: /home/benforbes/msg_gripper_ros2/install/msg_gripper_ros2/share/msg_gripper_ros2/cmake/msg_gripper_ros2Config.cmake
-- Installing: /home/benforbes/msg_gripper_ros2/install/msg_gripper_ros2/share/msg_gripper_ros2/cmake/msg_gripper_ros2Config-version.cmake
-- Installing: /home/benforbes/msg_gripper_ros2/install/msg_gripper_ros2/share/msg_gripper_ros2/package.xml
