[0.004s] Invoking command in '/home/benforbes/msg_gripper_ros2/build/msg_gripper_ros2': CMAKE_PREFIX_PATH=/opt/ros/humble /usr/bin/cmake /home/benforbes/msg_gripper_ros2 -DCMAKE_INSTALL_PREFIX=/home/benforbes/msg_gripper_ros2/install/msg_gripper_ros2
[0.027s] -- The C compiler identification is GNU 11.4.0
[0.051s] -- The CXX compiler identification is GNU 11.4.0
[0.054s] -- Detecting C compiler ABI info
[0.082s] -- Detecting C compiler ABI info - done
[0.085s] -- Check for working C compiler: /usr/bin/cc - skipped
[0.085s] -- Detecting C compile features
[0.085s] -- Detecting C compile features - done
[0.087s] -- Detecting CXX compiler ABI info
[0.119s] -- Detecting CXX compiler ABI info - done
[0.122s] -- Check for working CXX compiler: /usr/bin/c++ - skipped
[0.122s] -- Detecting CXX compile features
[0.123s] -- Detecting CXX compile features - done
[0.124s] -- Found ament_cmake: 1.3.12 (/opt/ros/humble/share/ament_cmake/cmake)
[0.471s] -- Found Python3: /usr/bin/python3 (found version "3.10.12") found components: Interpreter 
[0.512s] -- Found rclpy: 3.3.17 (/opt/ros/humble/share/rclpy/cmake)
[0.512s] -- Found sensor_msgs: 4.9.0 (/opt/ros/humble/share/sensor_msgs/cmake)
[0.528s] -- Found rosidl_generator_c: 3.1.7 (/opt/ros/humble/share/rosidl_generator_c/cmake)
[0.530s] -- Found rosidl_adapter: 3.1.7 (/opt/ros/humble/share/rosidl_adapter/cmake)
[0.534s] -- Found rosidl_generator_cpp: 3.1.7 (/opt/ros/humble/share/rosidl_generator_cpp/cmake)
[0.540s] -- Using all available rosidl_typesupport_c: rosidl_typesupport_fastrtps_c;rosidl_typesupport_introspection_c
[0.547s] -- Using all available rosidl_typesupport_cpp: rosidl_typesupport_fastrtps_cpp;rosidl_typesupport_introspection_cpp
[0.574s] -- Found control_msgs: 4.8.0 (/opt/ros/humble/share/control_msgs/cmake)
[0.655s] -- Found ament_lint_auto: 0.12.14 (/opt/ros/humble/share/ament_lint_auto/cmake)
[0.702s] -- Added test 'copyright' to check source files copyright and LICENSE
[0.704s] -- Added test 'cppcheck' to perform static code analysis on C / C++ code
[0.704s] -- Configured cppcheck include dirs: 
[0.704s] -- Configured cppcheck exclude dirs and/or files: 
[0.705s] -- Added test 'cpplint' to check C / C++ code against the Google style
[0.705s] -- Configured cpplint exclude dirs and/or files: 
[0.706s] -- Added test 'flake8' to check Python code syntax and style conventions
[0.707s] -- Added test 'lint_cmake' to check CMake code style
[0.707s] -- Added test 'pep257' to check Python code against some of the docstring style conventions in PEP 257
[0.709s] -- Added test 'uncrustify' to check C / C++ code style
[0.709s] -- Configured uncrustify additional arguments: 
[0.710s] -- Added test 'xmllint' to check XML markup files
[0.710s] -- Configuring done
[0.712s] -- Generating done
[0.714s] -- Build files have been written to: /home/benforbes/msg_gripper_ros2/build/msg_gripper_ros2
[0.717s] Invoked command in '/home/benforbes/msg_gripper_ros2/build/msg_gripper_ros2' returned '0': CMAKE_PREFIX_PATH=/opt/ros/humble /usr/bin/cmake /home/benforbes/msg_gripper_ros2 -DCMAKE_INSTALL_PREFIX=/home/benforbes/msg_gripper_ros2/install/msg_gripper_ros2
[0.718s] Invoking command in '/home/benforbes/msg_gripper_ros2/build/msg_gripper_ros2': CMAKE_PREFIX_PATH=/opt/ros/humble /usr/bin/cmake --build /home/benforbes/msg_gripper_ros2/build/msg_gripper_ros2 -- -j32 -l32
[0.739s] Built target ament_cmake_python_copy_msg_gripper_ros2
[0.926s] running egg_info
[0.926s] creating msg_gripper_ros2.egg-info
[0.935s] writing msg_gripper_ros2.egg-info/PKG-INFO
[0.935s] writing dependency_links to msg_gripper_ros2.egg-info/dependency_links.txt
[0.935s] writing top-level names to msg_gripper_ros2.egg-info/top_level.txt
[0.935s] writing manifest file 'msg_gripper_ros2.egg-info/SOURCES.txt'
[0.959s] reading manifest file 'msg_gripper_ros2.egg-info/SOURCES.txt'
[0.960s] writing manifest file 'msg_gripper_ros2.egg-info/SOURCES.txt'
[0.977s] Built target ament_cmake_python_build_msg_gripper_ros2_egg
[0.982s] Invoked command in '/home/benforbes/msg_gripper_ros2/build/msg_gripper_ros2' returned '0': CMAKE_PREFIX_PATH=/opt/ros/humble /usr/bin/cmake --build /home/benforbes/msg_gripper_ros2/build/msg_gripper_ros2 -- -j32 -l32
[0.985s] Invoking command in '/home/benforbes/msg_gripper_ros2/build/msg_gripper_ros2': CMAKE_PREFIX_PATH=/opt/ros/humble /usr/bin/cmake --install /home/benforbes/msg_gripper_ros2/build/msg_gripper_ros2
[0.988s] -- Install configuration: ""
[0.988s] -- Installing: /home/benforbes/msg_gripper_ros2/install/msg_gripper_ros2/share/msg_gripper_ros2/environment/pythonpath.sh
[0.988s] -- Installing: /home/benforbes/msg_gripper_ros2/install/msg_gripper_ros2/share/msg_gripper_ros2/environment/pythonpath.dsv
[0.988s] -- Installing: /home/benforbes/msg_gripper_ros2/install/msg_gripper_ros2/local/lib/python3.10/dist-packages/msg_gripper_ros2-1.0.0-py3.10.egg-info
[0.988s] -- Installing: /home/benforbes/msg_gripper_ros2/install/msg_gripper_ros2/local/lib/python3.10/dist-packages/msg_gripper_ros2-1.0.0-py3.10.egg-info/top_level.txt
[0.988s] -- Installing: /home/benforbes/msg_gripper_ros2/install/msg_gripper_ros2/local/lib/python3.10/dist-packages/msg_gripper_ros2-1.0.0-py3.10.egg-info/SOURCES.txt
[0.988s] -- Installing: /home/benforbes/msg_gripper_ros2/install/msg_gripper_ros2/local/lib/python3.10/dist-packages/msg_gripper_ros2-1.0.0-py3.10.egg-info/PKG-INFO
[0.988s] -- Installing: /home/benforbes/msg_gripper_ros2/install/msg_gripper_ros2/local/lib/python3.10/dist-packages/msg_gripper_ros2-1.0.0-py3.10.egg-info/dependency_links.txt
[0.988s] -- Installing: /home/benforbes/msg_gripper_ros2/install/msg_gripper_ros2/local/lib/python3.10/dist-packages/msg_gripper_ros2
[0.988s] -- Installing: /home/benforbes/msg_gripper_ros2/install/msg_gripper_ros2/local/lib/python3.10/dist-packages/msg_gripper_ros2/msg_gripper_node.py
[0.989s] -- Installing: /home/benforbes/msg_gripper_ros2/install/msg_gripper_ros2/local/lib/python3.10/dist-packages/msg_gripper_ros2/__init__.py
[1.004s] Listing '/home/benforbes/msg_gripper_ros2/install/msg_gripper_ros2/local/lib/python3.10/dist-packages/msg_gripper_ros2'...
[1.004s] Compiling '/home/benforbes/msg_gripper_ros2/install/msg_gripper_ros2/local/lib/python3.10/dist-packages/msg_gripper_ros2/__init__.py'...
[1.005s] Compiling '/home/benforbes/msg_gripper_ros2/install/msg_gripper_ros2/local/lib/python3.10/dist-packages/msg_gripper_ros2/msg_gripper_node.py'...
[1.007s] -- Installing: /home/benforbes/msg_gripper_ros2/install/msg_gripper_ros2/lib/msg_gripper_ros2/msg_gripper_node
[1.007s] -- Installing: /home/benforbes/msg_gripper_ros2/install/msg_gripper_ros2/share/msg_gripper_ros2/launch
[1.007s] -- Installing: /home/benforbes/msg_gripper_ros2/install/msg_gripper_ros2/share/msg_gripper_ros2/launch/msg_gripper_launch.py
[1.007s] -- Installing: /home/benforbes/msg_gripper_ros2/install/msg_gripper_ros2/share/msg_gripper_ros2/config
[1.007s] -- Installing: /home/benforbes/msg_gripper_ros2/install/msg_gripper_ros2/share/msg_gripper_ros2/config/default.yaml
[1.007s] -- Installing: /home/benforbes/msg_gripper_ros2/install/msg_gripper_ros2/share/ament_index/resource_index/package_run_dependencies/msg_gripper_ros2
[1.007s] -- Installing: /home/benforbes/msg_gripper_ros2/install/msg_gripper_ros2/share/ament_index/resource_index/parent_prefix_path/msg_gripper_ros2
[1.007s] -- Installing: /home/benforbes/msg_gripper_ros2/install/msg_gripper_ros2/share/msg_gripper_ros2/environment/ament_prefix_path.sh
[1.007s] -- Installing: /home/benforbes/msg_gripper_ros2/install/msg_gripper_ros2/share/msg_gripper_ros2/environment/ament_prefix_path.dsv
[1.007s] -- Installing: /home/benforbes/msg_gripper_ros2/install/msg_gripper_ros2/share/msg_gripper_ros2/environment/path.sh
[1.007s] -- Installing: /home/benforbes/msg_gripper_ros2/install/msg_gripper_ros2/share/msg_gripper_ros2/environment/path.dsv
[1.007s] -- Installing: /home/benforbes/msg_gripper_ros2/install/msg_gripper_ros2/share/msg_gripper_ros2/local_setup.bash
[1.007s] -- Installing: /home/benforbes/msg_gripper_ros2/install/msg_gripper_ros2/share/msg_gripper_ros2/local_setup.sh
[1.007s] -- Installing: /home/benforbes/msg_gripper_ros2/install/msg_gripper_ros2/share/msg_gripper_ros2/local_setup.zsh
[1.007s] -- Installing: /home/benforbes/msg_gripper_ros2/install/msg_gripper_ros2/share/msg_gripper_ros2/local_setup.dsv
[1.007s] -- Installing: /home/benforbes/msg_gripper_ros2/install/msg_gripper_ros2/share/msg_gripper_ros2/package.dsv
[1.007s] -- Installing: /home/benforbes/msg_gripper_ros2/install/msg_gripper_ros2/share/ament_index/resource_index/packages/msg_gripper_ros2
[1.007s] -- Installing: /home/benforbes/msg_gripper_ros2/install/msg_gripper_ros2/share/msg_gripper_ros2/cmake/msg_gripper_ros2Config.cmake
[1.007s] -- Installing: /home/benforbes/msg_gripper_ros2/install/msg_gripper_ros2/share/msg_gripper_ros2/cmake/msg_gripper_ros2Config-version.cmake
[1.007s] -- Installing: /home/benforbes/msg_gripper_ros2/install/msg_gripper_ros2/share/msg_gripper_ros2/package.xml
[1.008s] Invoked command in '/home/benforbes/msg_gripper_ros2/build/msg_gripper_ros2' returned '0': CMAKE_PREFIX_PATH=/opt/ros/humble /usr/bin/cmake --install /home/benforbes/msg_gripper_ros2/build/msg_gripper_ros2
