Built target ament_cmake_python_copy_msg_gripper_ros2
running egg_info
writing msg_gripper_ros2.egg-info/PKG-INFO
writing dependency_links to msg_gripper_ros2.egg-info/dependency_links.txt
writing top-level names to msg_gripper_ros2.egg-info/top_level.txt
reading manifest file 'msg_gripper_ros2.egg-info/SOURCES.txt'
writing manifest file 'msg_gripper_ros2.egg-info/SOURCES.txt'
Built target ament_cmake_python_build_msg_gripper_ros2_egg
-- Install configuration: ""
-- Up-to-date: /home/benforbes/msg_gripper_ros2/install/msg_gripper_ros2/share/msg_gripper_ros2/environment/pythonpath.sh
-- Up-to-date: /home/benforbes/msg_gripper_ros2/install/msg_gripper_ros2/share/msg_gripper_ros2/environment/pythonpath.dsv
-- Up-to-date: /home/benforbes/msg_gripper_ros2/install/msg_gripper_ros2/local/lib/python3.10/dist-packages/msg_gripper_ros2-1.0.0-py3.10.egg-info
-- Installing: /home/benforbes/msg_gripper_ros2/install/msg_gripper_ros2/local/lib/python3.10/dist-packages/msg_gripper_ros2-1.0.0-py3.10.egg-info/top_level.txt
-- Installing: /home/benforbes/msg_gripper_ros2/install/msg_gripper_ros2/local/lib/python3.10/dist-packages/msg_gripper_ros2-1.0.0-py3.10.egg-info/SOURCES.txt
-- Installing: /home/benforbes/msg_gripper_ros2/install/msg_gripper_ros2/local/lib/python3.10/dist-packages/msg_gripper_ros2-1.0.0-py3.10.egg-info/PKG-INFO
-- Installing: /home/benforbes/msg_gripper_ros2/install/msg_gripper_ros2/local/lib/python3.10/dist-packages/msg_gripper_ros2-1.0.0-py3.10.egg-info/dependency_links.txt
-- Up-to-date: /home/benforbes/msg_gripper_ros2/install/msg_gripper_ros2/local/lib/python3.10/dist-packages/msg_gripper_ros2
-- Up-to-date: /home/benforbes/msg_gripper_ros2/install/msg_gripper_ros2/local/lib/python3.10/dist-packages/msg_gripper_ros2/msg_gripper_node.py
-- Up-to-date: /home/benforbes/msg_gripper_ros2/install/msg_gripper_ros2/local/lib/python3.10/dist-packages/msg_gripper_ros2/__init__.py
Listing '/home/benforbes/msg_gripper_ros2/install/msg_gripper_ros2/local/lib/python3.10/dist-packages/msg_gripper_ros2'...
-- Up-to-date: /home/benforbes/msg_gripper_ros2/install/msg_gripper_ros2/lib/msg_gripper_ros2/msg_gripper_node
-- Up-to-date: /home/benforbes/msg_gripper_ros2/install/msg_gripper_ros2/share/msg_gripper_ros2/launch
-- Up-to-date: /home/benforbes/msg_gripper_ros2/install/msg_gripper_ros2/share/msg_gripper_ros2/launch/msg_gripper_launch.py
-- Up-to-date: /home/benforbes/msg_gripper_ros2/install/msg_gripper_ros2/share/msg_gripper_ros2/config
-- Up-to-date: /home/benforbes/msg_gripper_ros2/install/msg_gripper_ros2/share/msg_gripper_ros2/config/default.yaml
-- Up-to-date: /home/benforbes/msg_gripper_ros2/install/msg_gripper_ros2/share/ament_index/resource_index/package_run_dependencies/msg_gripper_ros2
-- Up-to-date: /home/benforbes/msg_gripper_ros2/install/msg_gripper_ros2/share/ament_index/resource_index/parent_prefix_path/msg_gripper_ros2
-- Up-to-date: /home/benforbes/msg_gripper_ros2/install/msg_gripper_ros2/share/msg_gripper_ros2/environment/ament_prefix_path.sh
-- Up-to-date: /home/benforbes/msg_gripper_ros2/install/msg_gripper_ros2/share/msg_gripper_ros2/environment/ament_prefix_path.dsv
-- Up-to-date: /home/benforbes/msg_gripper_ros2/install/msg_gripper_ros2/share/msg_gripper_ros2/environment/path.sh
-- Up-to-date: /home/benforbes/msg_gripper_ros2/install/msg_gripper_ros2/share/msg_gripper_ros2/environment/path.dsv
-- Up-to-date: /home/benforbes/msg_gripper_ros2/install/msg_gripper_ros2/share/msg_gripper_ros2/local_setup.bash
-- Up-to-date: /home/benforbes/msg_gripper_ros2/install/msg_gripper_ros2/share/msg_gripper_ros2/local_setup.sh
-- Up-to-date: /home/benforbes/msg_gripper_ros2/install/msg_gripper_ros2/share/msg_gripper_ros2/local_setup.zsh
-- Up-to-date: /home/benforbes/msg_gripper_ros2/install/msg_gripper_ros2/share/msg_gripper_ros2/local_setup.dsv
-- Up-to-date: /home/benforbes/msg_gripper_ros2/install/msg_gripper_ros2/share/msg_gripper_ros2/package.dsv
-- Up-to-date: /home/benforbes/msg_gripper_ros2/install/msg_gripper_ros2/share/ament_index/resource_index/packages/msg_gripper_ros2
-- Up-to-date: /home/benforbes/msg_gripper_ros2/install/msg_gripper_ros2/share/msg_gripper_ros2/cmake/msg_gripper_ros2Config.cmake
-- Up-to-date: /home/benforbes/msg_gripper_ros2/install/msg_gripper_ros2/share/msg_gripper_ros2/cmake/msg_gripper_ros2Config-version.cmake
-- Up-to-date: /home/benforbes/msg_gripper_ros2/install/msg_gripper_ros2/share/msg_gripper_ros2/package.xml
